
Change 1:
-----------------------------------------------------------------------------------------------------------------
Date:	26/10/2006
By:	Archer Software
File:	.\libgcrypt-1.2.3\cipher\random.c
Line:	775
-----------------------------------------------------------------------------------------------------------------

///////////////////////////////////////////////////////////////////////////////////////////
///	REMOVED FOR FAST STARTUP
///////////////////////////////////////////////////////////////////////////////////////////
///  /* make sure the pool is filled */
///  while (!pool_filled)
///    random_poll();
///
///  /* Always do a fast random poll (we have to use the unlocked version). */
///  do_fast_random_poll();
///////////////////////////////////////////////////////////////////////////////////////////
///	ADDED
///////////////////////////////////////////////////////////////////////////////////////////
	for(i=0;i<3;i++)
		do_fast_random_poll();
	pool_filled = 1;
///////////////////////////////////////////////////////////////////////////////////////////

-----------------------------------------------------------------------------------------------------------------
